Phase 2 (tag=1m) — seeds [42] | GPU 0 | out ./experiments/phase2/results

############################################################
# SEED 42
############################################################
step: 50/30000 | embedding_loss: 1.139119 | ema_momentum: 0.99601
step: 100/30000 | embedding_loss: 0.783812 | ema_momentum: 0.99601
step: 150/30000 | embedding_loss: 0.583651 | ema_momentum: 0.99602
step: 200/30000 | embedding_loss: 0.469685 | ema_momentum: 0.99603
step: 250/30000 | embedding_loss: 0.396071 | ema_momentum: 0.99603
step: 300/30000 | embedding_loss: 0.344656 | ema_momentum: 0.99604
step: 350/30000 | embedding_loss: 0.306899 | ema_momentum: 0.99605
step: 400/30000 | embedding_loss: 0.278046 | ema_momentum: 0.99605
step: 450/30000 | embedding_loss: 0.255426 | ema_momentum: 0.99606
step: 500/30000 | embedding_loss: 0.237005 | ema_momentum: 0.99607
step: 550/30000 | embedding_loss: 0.221439 | ema_momentum: 0.99607
step: 600/30000 | embedding_loss: 0.208129 | ema_momentum: 0.99608
step: 650/30000 | embedding_loss: 0.196430 | ema_momentum: 0.99609
step: 700/30000 | embedding_loss: 0.186240 | ema_momentum: 0.99609
step: 750/30000 | embedding_loss: 0.177250 | ema_momentum: 0.99610
step: 800/30000 | embedding_loss: 0.169278 | ema_momentum: 0.99611
step: 850/30000 | embedding_loss: 0.162152 | ema_momentum: 0.99611
step: 900/30000 | embedding_loss: 0.155760 | ema_momentum: 0.99612
step: 950/30000 | embedding_loss: 0.149942 | ema_momentum: 0.99613
step: 1000/30000 | embedding_loss: 0.144633 | ema_momentum: 0.99613
epoch: 1/30 | train_loss: 0.144633 | val_loss: 0.008413
  Saved context encoder weights → ./logs/ParticleJEPA/best/jepa_1m_seed42.pt
step: 1050/30000 | embedding_loss: 0.043649 | ema_momentum: 0.99614
step: 1100/30000 | embedding_loss: 0.043308 | ema_momentum: 0.99615
step: 1150/30000 | embedding_loss: 0.042823 | ema_momentum: 0.99615
step: 1200/30000 | embedding_loss: 0.042692 | ema_momentum: 0.99616
step: 1250/30000 | embedding_loss: 0.042668 | ema_momentum: 0.99617
step: 1300/30000 | embedding_loss: 0.042579 | ema_momentum: 0.99617
step: 1350/30000 | embedding_loss: 0.042641 | ema_momentum: 0.99618
step: 1400/30000 | embedding_loss: 0.042604 | ema_momentum: 0.99619
step: 1450/30000 | embedding_loss: 0.042583 | ema_momentum: 0.99619
step: 1500/30000 | embedding_loss: 0.042601 | ema_momentum: 0.99620
step: 1550/30000 | embedding_loss: 0.042705 | ema_momentum: 0.99621
step: 1600/30000 | embedding_loss: 0.042881 | ema_momentum: 0.99621
step: 1650/30000 | embedding_loss: 0.042929 | ema_momentum: 0.99622
step: 1700/30000 | embedding_loss: 0.042964 | ema_momentum: 0.99623
step: 1750/30000 | embedding_loss: 0.043000 | ema_momentum: 0.99623
step: 1800/30000 | embedding_loss: 0.043088 | ema_momentum: 0.99624
step: 1850/30000 | embedding_loss: 0.043099 | ema_momentum: 0.99625
step: 1900/30000 | embedding_loss: 0.043136 | ema_momentum: 0.99625
step: 1950/30000 | embedding_loss: 0.043194 | ema_momentum: 0.99626
step: 2000/30000 | embedding_loss: 0.043270 | ema_momentum: 0.99627
epoch: 2/30 | train_loss: 0.043270 | val_loss: 0.007356
  Saved context encoder weights → ./logs/ParticleJEPA/best/jepa_1m_seed42.pt
step: 2050/30000 | embedding_loss: 0.044499 | ema_momentum: 0.99627
step: 2100/30000 | embedding_loss: 0.044523 | ema_momentum: 0.99628
step: 2150/30000 | embedding_loss: 0.044844 | ema_momentum: 0.99629
step: 2200/30000 | embedding_loss: 0.045041 | ema_momentum: 0.99629
step: 2250/30000 | embedding_loss: 0.045312 | ema_momentum: 0.99630
step: 2300/30000 | embedding_loss: 0.045658 | ema_momentum: 0.99631
step: 2350/30000 | embedding_loss: 0.046191 | ema_momentum: 0.99631
step: 2400/30000 | embedding_loss: 0.046565 | ema_momentum: 0.99632
step: 2450/30000 | embedding_loss: 0.046952 | ema_momentum: 0.99633
step: 2500/30000 | embedding_loss: 0.047449 | ema_momentum: 0.99633
step: 2550/30000 | embedding_loss: 0.047974 | ema_momentum: 0.99634
step: 2600/30000 | embedding_loss: 0.048634 | ema_momentum: 0.99635
step: 2650/30000 | embedding_loss: 0.049177 | ema_momentum: 0.99635
step: 2700/30000 | embedding_loss: 0.049775 | ema_momentum: 0.99636
step: 2750/30000 | embedding_loss: 0.050352 | ema_momentum: 0.99637
step: 2800/30000 | embedding_loss: 0.050943 | ema_momentum: 0.99637
step: 2850/30000 | embedding_loss: 0.051632 | ema_momentum: 0.99638
step: 2900/30000 | embedding_loss: 0.052337 | ema_momentum: 0.99639
step: 2950/30000 | embedding_loss: 0.053036 | ema_momentum: 0.99639
step: 3000/30000 | embedding_loss: 0.053804 | ema_momentum: 0.99640
epoch: 3/30 | train_loss: 0.053804 | val_loss: 0.030112
step: 3050/30000 | embedding_loss: 0.071774 | ema_momentum: 0.99641
step: 3100/30000 | embedding_loss: 0.081018 | ema_momentum: 0.99641
step: 3150/30000 | embedding_loss: 0.078436 | ema_momentum: 0.99642
step: 3200/30000 | embedding_loss: 0.080756 | ema_momentum: 0.99643
step: 3250/30000 | embedding_loss: 0.079501 | ema_momentum: 0.99643
step: 3300/30000 | embedding_loss: 0.078437 | ema_momentum: 0.99644
step: 3350/30000 | embedding_loss: 0.077924 | ema_momentum: 0.99645
step: 3400/30000 | embedding_loss: 0.077824 | ema_momentum: 0.99645
step: 3450/30000 | embedding_loss: 0.077834 | ema_momentum: 0.99646
step: 3500/30000 | embedding_loss: 0.078035 | ema_momentum: 0.99647
step: 3550/30000 | embedding_loss: 0.078407 | ema_momentum: 0.99647
step: 3600/30000 | embedding_loss: 0.078860 | ema_momentum: 0.99648
step: 3650/30000 | embedding_loss: 0.079521 | ema_momentum: 0.99649
step: 3700/30000 | embedding_loss: 0.080214 | ema_momentum: 0.99649
step: 3750/30000 | embedding_loss: 0.080874 | ema_momentum: 0.99650
step: 3800/30000 | embedding_loss: 0.081676 | ema_momentum: 0.99651
step: 3850/30000 | embedding_loss: 0.082448 | ema_momentum: 0.99651
step: 3900/30000 | embedding_loss: 0.083239 | ema_momentum: 0.99652
step: 3950/30000 | embedding_loss: 0.084028 | ema_momentum: 0.99653
step: 4000/30000 | embedding_loss: 0.084929 | ema_momentum: 0.99653
epoch: 4/30 | train_loss: 0.084929 | val_loss: 0.028676
step: 4050/30000 | embedding_loss: 0.102497 | ema_momentum: 0.99654
step: 4100/30000 | embedding_loss: 0.104383 | ema_momentum: 0.99655
step: 4150/30000 | embedding_loss: 0.105376 | ema_momentum: 0.99655
step: 4200/30000 | embedding_loss: 0.105941 | ema_momentum: 0.99656
step: 4250/30000 | embedding_loss: 0.107850 | ema_momentum: 0.99657
step: 4300/30000 | embedding_loss: 0.109386 | ema_momentum: 0.99657
step: 4350/30000 | embedding_loss: 0.110103 | ema_momentum: 0.99658
step: 4400/30000 | embedding_loss: 0.110742 | ema_momentum: 0.99659
step: 4450/30000 | embedding_loss: 0.111529 | ema_momentum: 0.99659
step: 4500/30000 | embedding_loss: 0.112481 | ema_momentum: 0.99660
step: 4550/30000 | embedding_loss: 0.113325 | ema_momentum: 0.99661
step: 4600/30000 | embedding_loss: 0.114062 | ema_momentum: 0.99661
step: 4650/30000 | embedding_loss: 0.114887 | ema_momentum: 0.99662
step: 4700/30000 | embedding_loss: 0.115644 | ema_momentum: 0.99663
step: 4750/30000 | embedding_loss: 0.116367 | ema_momentum: 0.99663
step: 4800/30000 | embedding_loss: 0.117264 | ema_momentum: 0.99664
step: 4850/30000 | embedding_loss: 0.118068 | ema_momentum: 0.99665
step: 4900/30000 | embedding_loss: 0.118844 | ema_momentum: 0.99665
step: 4950/30000 | embedding_loss: 0.119682 | ema_momentum: 0.99666
step: 5000/30000 | embedding_loss: 0.120328 | ema_momentum: 0.99667
epoch: 5/30 | train_loss: 0.120328 | val_loss: 0.019801
step: 5050/30000 | embedding_loss: 0.134398 | ema_momentum: 0.99667
step: 5100/30000 | embedding_loss: 0.135076 | ema_momentum: 0.99668
step: 5150/30000 | embedding_loss: 0.135647 | ema_momentum: 0.99669
step: 5200/30000 | embedding_loss: 0.136122 | ema_momentum: 0.99669
step: 5250/30000 | embedding_loss: 0.136765 | ema_momentum: 0.99670
step: 5300/30000 | embedding_loss: 0.137244 | ema_momentum: 0.99671
step: 5350/30000 | embedding_loss: 0.137688 | ema_momentum: 0.99671
step: 5400/30000 | embedding_loss: 0.138214 | ema_momentum: 0.99672
step: 5450/30000 | embedding_loss: 0.138575 | ema_momentum: 0.99673
step: 5500/30000 | embedding_loss: 0.139182 | ema_momentum: 0.99673
step: 5550/30000 | embedding_loss: 0.139533 | ema_momentum: 0.99674
step: 5600/30000 | embedding_loss: 0.140030 | ema_momentum: 0.99675
step: 5650/30000 | embedding_loss: 0.140397 | ema_momentum: 0.99675
step: 5700/30000 | embedding_loss: 0.140733 | ema_momentum: 0.99676
step: 5750/30000 | embedding_loss: 0.141078 | ema_momentum: 0.99677
step: 5800/30000 | embedding_loss: 0.141539 | ema_momentum: 0.99677
step: 5850/30000 | embedding_loss: 0.141908 | ema_momentum: 0.99678
step: 5900/30000 | embedding_loss: 0.142444 | ema_momentum: 0.99679
step: 5950/30000 | embedding_loss: 0.142760 | ema_momentum: 0.99679
step: 6000/30000 | embedding_loss: 0.143070 | ema_momentum: 0.99680
epoch: 6/30 | train_loss: 0.143070 | val_loss: 0.028262
step: 6050/30000 | embedding_loss: 0.149288 | ema_momentum: 0.99681
step: 6100/30000 | embedding_loss: 0.149875 | ema_momentum: 0.99681
step: 6150/30000 | embedding_loss: 0.150421 | ema_momentum: 0.99682
step: 6200/30000 | embedding_loss: 0.150710 | ema_momentum: 0.99683
step: 6250/30000 | embedding_loss: 0.151133 | ema_momentum: 0.99683
step: 6300/30000 | embedding_loss: 0.151638 | ema_momentum: 0.99684
step: 6350/30000 | embedding_loss: 0.151834 | ema_momentum: 0.99685
step: 6400/30000 | embedding_loss: 0.152232 | ema_momentum: 0.99685
step: 6450/30000 | embedding_loss: 0.152610 | ema_momentum: 0.99686
step: 6500/30000 | embedding_loss: 0.152916 | ema_momentum: 0.99687
step: 6550/30000 | embedding_loss: 0.153200 | ema_momentum: 0.99687
step: 6600/30000 | embedding_loss: 0.153544 | ema_momentum: 0.99688
step: 6650/30000 | embedding_loss: 0.153804 | ema_momentum: 0.99689
step: 6700/30000 | embedding_loss: 0.154057 | ema_momentum: 0.99689
step: 6750/30000 | embedding_loss: 0.154361 | ema_momentum: 0.99690
step: 6800/30000 | embedding_loss: 0.154622 | ema_momentum: 0.99691
step: 6850/30000 | embedding_loss: 0.154859 | ema_momentum: 0.99691
step: 6900/30000 | embedding_loss: 0.155122 | ema_momentum: 0.99692
step: 6950/30000 | embedding_loss: 0.155430 | ema_momentum: 0.99693
step: 7000/30000 | embedding_loss: 0.155630 | ema_momentum: 0.99693
epoch: 7/30 | train_loss: 0.155630 | val_loss: 0.034119
step: 7050/30000 | embedding_loss: 0.162004 | ema_momentum: 0.99694
step: 7100/30000 | embedding_loss: 0.162668 | ema_momentum: 0.99695
step: 7150/30000 | embedding_loss: 0.162078 | ema_momentum: 0.99695
step: 7200/30000 | embedding_loss: 0.161659 | ema_momentum: 0.99696
step: 7250/30000 | embedding_loss: 0.161666 | ema_momentum: 0.99697
step: 7300/30000 | embedding_loss: 0.161696 | ema_momentum: 0.99697
step: 7350/30000 | embedding_loss: 0.161787 | ema_momentum: 0.99698
step: 7400/30000 | embedding_loss: 0.162071 | ema_momentum: 0.99699
step: 7450/30000 | embedding_loss: 0.162211 | ema_momentum: 0.99699
step: 7500/30000 | embedding_loss: 0.162464 | ema_momentum: 0.99700
step: 7550/30000 | embedding_loss: 0.162624 | ema_momentum: 0.99701
step: 7600/30000 | embedding_loss: 0.162815 | ema_momentum: 0.99701
step: 7650/30000 | embedding_loss: 0.163045 | ema_momentum: 0.99702
step: 7700/30000 | embedding_loss: 0.163309 | ema_momentum: 0.99703
step: 7750/30000 | embedding_loss: 0.163570 | ema_momentum: 0.99703
step: 7800/30000 | embedding_loss: 0.163763 | ema_momentum: 0.99704
step: 7850/30000 | embedding_loss: 0.163916 | ema_momentum: 0.99705
step: 7900/30000 | embedding_loss: 0.164094 | ema_momentum: 0.99705
step: 7950/30000 | embedding_loss: 0.164305 | ema_momentum: 0.99706
step: 8000/30000 | embedding_loss: 0.164477 | ema_momentum: 0.99707
epoch: 8/30 | train_loss: 0.164477 | val_loss: 0.025497
Early stopping at epoch 8. Best val_loss: 0.0074
  Saving FINAL context encoder (epoch 8, EMA annealed)
  Saved context encoder weights → ./logs/ParticleJEPA/best/jepa_1m_seed42.pt

Best model saved to: ./logs/ParticleJEPA/best/jepa_1m_seed42.pt

============================================================
STAGE: JEPA pretrain seed=42
CMD:   /opt/conda/bin/python scripts/pretrain_jepa.py --data-dir ./data_1m --config-path ./configs/pretrain_jepa_biased_1m.yaml --run-name jepa_1m_seed42 --seed 42
============================================================
[skip] MAE pretrain — exists: ./logs/LorentzParT/best/mae_1m_seed42.pt
step: 50/60000 | train_loss: 2.2113 | train_metric: 0.1597
step: 100/60000 | train_loss: 2.1399 | train_metric: 0.1814
step: 150/60000 | train_loss: 2.1068 | train_metric: 0.1913
step: 200/60000 | train_loss: 2.0884 | train_metric: 0.1970
step: 250/60000 | train_loss: 2.0762 | train_metric: 0.2001
step: 300/60000 | train_loss: 2.0682 | train_metric: 0.2019
step: 350/60000 | train_loss: 2.0625 | train_metric: 0.2036
step: 400/60000 | train_loss: 2.0590 | train_metric: 0.2050
step: 450/60000 | train_loss: 2.0546 | train_metric: 0.2065
step: 500/60000 | train_loss: 2.0486 | train_metric: 0.2086
step: 550/60000 | train_loss: 2.0433 | train_metric: 0.2106
step: 600/60000 | train_loss: 2.0387 | train_metric: 0.2121
step: 650/60000 | train_loss: 2.0346 | train_metric: 0.2134
step: 700/60000 | train_loss: 2.0303 | train_metric: 0.2152
step: 750/60000 | train_loss: 2.0274 | train_metric: 0.2160
step: 800/60000 | train_loss: 2.0242 | train_metric: 0.2170
step: 850/60000 | train_loss: 2.0210 | train_metric: 0.2183
step: 900/60000 | train_loss: 2.0182 | train_metric: 0.2193
step: 950/60000 | train_loss: 2.0157 | train_metric: 0.2204
step: 1000/60000 | train_loss: 2.0134 | train_metric: 0.2213
epoch: 1/60 | val_loss: 2.0981 | val_metric: 0.2204
step: 1050/60000 | train_loss: 1.9684 | train_metric: 0.2376
step: 1100/60000 | train_loss: 1.9677 | train_metric: 0.2396
step: 1150/60000 | train_loss: 1.9721 | train_metric: 0.2390
step: 1200/60000 | train_loss: 1.9716 | train_metric: 0.2388
step: 1250/60000 | train_loss: 1.9692 | train_metric: 0.2402
step: 1300/60000 | train_loss: 1.9674 | train_metric: 0.2426
step: 1350/60000 | train_loss: 1.9655 | train_metric: 0.2444
step: 1400/60000 | train_loss: 1.9614 | train_metric: 0.2473
step: 1450/60000 | train_loss: 1.9566 | train_metric: 0.2501
step: 1500/60000 | train_loss: 1.9519 | train_metric: 0.2529
step: 1550/60000 | train_loss: 1.9487 | train_metric: 0.2548
step: 1600/60000 | train_loss: 1.9438 | train_metric: 0.2575
step: 1650/60000 | train_loss: 1.9383 | train_metric: 0.2606
step: 1700/60000 | train_loss: 1.9328 | train_metric: 0.2632
step: 1750/60000 | train_loss: 1.9266 | train_metric: 0.2662
step: 1800/60000 | train_loss: 1.9212 | train_metric: 0.2687
step: 1850/60000 | train_loss: 1.9157 | train_metric: 0.2713
step: 1900/60000 | train_loss: 1.9104 | train_metric: 0.2737
step: 1950/60000 | train_loss: 1.9042 | train_metric: 0.2763
step: 2000/60000 | train_loss: 1.8981 | train_metric: 0.2791
epoch: 2/60 | val_loss: 1.8327 | val_metric: 0.3185
